<?xml version="1.0" encoding="UTF-8"?>
<!-- Generated by org.testng.reporters.JUnitXMLReporter -->
<testsuite ignored="0" hostname="DESKTOP-HRT9N47" failures="0" tests="9" name="Test" time="248.913" errors="0" timestamp="2023-09-18T08:53:34 IST">
  <testcase classname="TestCases.AdminPageTestCase" name="verifyAdminPage" time="15.812"/>
  <testcase classname="TestCases.AdminPageTestCase" name="verifyVisibilityOfWebElement" time="3.491"/>
  <testcase classname="TestCases.ForgotYourPasswordTestCase" name="verifyVisibilityOfwebElement" time="3.291"/>
  <testcase classname="TestCases.ForgotYourPasswordTestCase" name="verifyCancelButton" time="3.638"/>
  <testcase classname="TestCases.ForgotYourPasswordTestCase" name="verifyResetPasswordButton" time="4.197"/>
  <testcase classname="TestCases.loginTestCases" name="VerifyIsElementDisplayed" time="2.248"/>
  <testcase classname="TestCases.loginTestCases" name="varifyValidLogin" time="4.012"/>
  <testcase classname="TestCases.loginTestCases" name="varifyInvalidLogin" time="11.203"/>
  <testcase classname="TestCases.MyInfoTestCases" name="verifyFillPersonalDetails" time="102.824"/>
</testsuite> <!-- Test -->
