<?xml version="1.0" encoding="UTF-8"?>
<!-- Generated by org.testng.reporters.JUnitXMLReporter -->
<testsuite ignored="0" hostname="DESKTOP-HRT9N47" failures="0" tests="3" name="Test" time="130.932" errors="0" timestamp="2023-09-09T12:45:27 IST">
  <testcase classname="TestCases.loginTestCases" name="varifyValidLogin" time="7.545"/>
  <testcase classname="TestCases.loginTestCases" name="varifyInvalidLogin" time="7.426"/>
  <testcase classname="TestCases.MyInfoTestCases" name="verifyFillPersonalDetails" time="97.223"/>
</testsuite> <!-- Test -->
